<?xml version="1.0" encoding="UTF-8"?>
<!-- Generated by org.testng.reporters.JUnitReportReporter -->
<testsuite skipped="0" hostname="AnilVSA1IN" name="Regresssion.E2E" tests="1" failures="0" timestamp="24 Mar 2019 02:48:52 GMT" time="32.038" errors="0">
  <testcase name="setup2" time="32.038" classname="Regresssion.E2E"/>
</testsuite> <!-- Regresssion.E2E -->
