<?xml version="1.0" encoding="UTF-8"?>
<!-- Generated by org.testng.reporters.JUnitReportReporter -->
<testsuite skipped="0" hostname="AnilVSA1IN" name="Regresssion.AnilTest" tests="1" failures="0" timestamp="23 Mar 2019 17:03:20 GMT" time="25.870" errors="0">
  <testcase name="setup" time="25.870" classname="Regresssion.AnilTest"/>
</testsuite> <!-- Regresssion.AnilTest -->
