<?xml version="1.0" encoding="UTF-8"?>
<!-- Generated by org.testng.reporters.JUnitReportReporter -->
<testsuite skipped="0" hostname="AnilVSA1IN" name="Regresssion.E2E" tests="1" failures="0" timestamp="24 Mar 2019 10:45:30 GMT" time="30.898" errors="0">
  <testcase name="setup2" time="30.898" classname="Regresssion.E2E"/>
</testsuite> <!-- Regresssion.E2E -->
