<?xml version="1.0" encoding="UTF-8"?>
<!-- Generated by org.testng.reporters.JUnitReportReporter -->
<testsuite skipped="0" hostname="AnilVSA1IN" name="Regresssion.AnilTest" tests="1" failures="0" timestamp="24 Mar 2019 10:45:30 GMT" time="27.940" errors="0">
  <testcase name="setup" time="27.940" classname="Regresssion.AnilTest"/>
</testsuite> <!-- Regresssion.AnilTest -->
