<?xml version="1.0" encoding="UTF-8"?>
<!-- Generated by org.testng.reporters.JUnitReportReporter -->
<testsuite skipped="0" hostname="AnilVSA1IN" name="Regresssion.ClearTrip" tests="1" failures="0" timestamp="24 Mar 2019 10:45:30 GMT" time="39.194" errors="0">
  <testcase name="setup1" time="39.194" classname="Regresssion.ClearTrip"/>
</testsuite> <!-- Regresssion.ClearTrip -->
